<?xml version="1.0" encoding="UTF-8"?>
<testsuite xmlns:xsi="http://www.w3.org/2001/XMLSchema-instance" xsi:noNamespaceSchemaLocation="https://maven.apache.org/surefire/maven-surefire-plugin/xsd/surefire-test-report-3.0.xsd" version="3.0" name="com.webautomation.RunCucumberTest" time="30.988" tests="2" errors="0" skipped="0" failures="0">
  <properties>
[...]
</properties>
  <testcase name="The example" classname="An example" time="23.744">
    <system-out><![CDATA[
Scenario: The example                       &amp#27;[90m# com/webautomation/example.feature:3&amp#27;[0m
  &amp#27;[32mGiven &amp#27;[0m&amp#27;[32man example scenario&amp#27;[0m                 &amp#27;[90m# com.webautomation.StepDefinitions.anExampleScenario()&amp#27;[0m
  &amp#27;[32mWhen &amp#27;[0m&amp#27;[32mall step definitions are implemented&amp#27;[0m &amp#27;[90m# com.webautomation.StepDefinitions.allStepDefinitionsAreImplemented()&amp#27;[0m
  &amp#27;[32mThen &amp#27;[0m&amp#27;[32mthe scenario passes&amp#27;[0m                  &amp#27;[90m# com.webautomation.StepDefinitions.theScenarioPasses()&amp#27;[0m
]]></system-out>
  </testcase>
  <testcase name="Finding some cheese" classname="An example" time="6.993">
    <system-out><![CDATA[
Scenario: Finding some cheese                    &amp#27;[90m# com/webautomation/example.feature:8&amp#27;[0m
  &amp#27;[32mGiven &amp#27;[0m&amp#27;[32mI am on the Google search page&amp#27;[0m           &amp#27;[90m# com.webautomation.StepDefinitions.I_visit_google()&amp#27;[0m
  &amp#27;[32mWhen &amp#27;[0m&amp#27;[32mI search for &amp#27;[0m&amp#27;[32m&amp#27;[1m"Cheese!"&amp#27;[0m                    &amp#27;[90m# com.webautomation.StepDefinitions.search_for(java.lang.String)&amp#27;[0m
  &amp#27;[32mThen &amp#27;[0m&amp#27;[32mthe page title should start with &amp#27;[0m&amp#27;[32m&amp#27;[1m"cheese"&amp#27;[0m &amp#27;[90m# com.webautomation.StepDefinitions.checkTitle(java.lang.String)&amp#27;[0m
]]></system-out>
  </testcase>
</testsuite>